<?xml version="1.0" encoding="UTF-8"?>
<testng-results ignored="0" total="4" passed="4" failed="0" skipped="0">
  <reporter-output>
  </reporter-output>
  <suite started-at="2023-09-01T16:17:32 IST" name="Default suite" finished-at="2023-09-01T16:17:40 IST" duration-ms="7930">
    <groups>
    </groups>
    <test started-at="2023-09-01T16:17:32 IST" name="Default test" finished-at="2023-09-01T16:17:40 IST" duration-ms="7930">
      <class name="day1.HttpRequests">
        <test-method signature="getusers()[pri:1, instance:day1.HttpRequests@5b03b9fe]" started-at="2023-09-01T16:17:32 IST" name="getusers" finished-at="2023-09-01T16:17:37 IST" duration-ms="5309" status="PASS">
          <reporter-output>
          </reporter-output>
        </test-method> <!-- getusers -->
        <test-method signature="createUser()[pri:2, instance:day1.HttpRequests@5b03b9fe]" started-at="2023-09-01T16:17:37 IST" name="createUser" finished-at="2023-09-01T16:17:39 IST" duration-ms="1336" status="PASS">
          <reporter-output>
          </reporter-output>
        </test-method> <!-- createUser -->
        <test-method signature="updateUser()[pri:3, instance:day1.HttpRequests@5b03b9fe]" started-at="2023-09-01T16:17:39 IST" name="updateUser" finished-at="2023-09-01T16:17:39 IST" depends-on-methods="day1.HttpRequests.createUser" duration-ms="584" status="PASS">
          <reporter-output>
          </reporter-output>
        </test-method> <!-- updateUser -->
        <test-method signature="deleteUser()[pri:4, instance:day1.HttpRequests@5b03b9fe]" started-at="2023-09-01T16:17:39 IST" name="deleteUser" finished-at="2023-09-01T16:17:40 IST" depends-on-methods="day1.HttpRequests.updateUser" duration-ms="597" status="PASS">
          <reporter-output>
          </reporter-output>
        </test-method> <!-- deleteUser -->
      </class> <!-- day1.HttpRequests -->
    </test> <!-- Default test -->
  </suite> <!-- Default suite -->
</testng-results>
