<?xml version="1.0" encoding="UTF-8"?>
<testng-results ignored="0" total="0" passed="0" failed="0" skipped="0">
  <reporter-output>
  </reporter-output>
  <suite started-at="2023-07-26T12:21:57 IST" name="testRunner.TestRun" finished-at="2023-07-26T12:21:57 IST" duration-ms="10">
    <groups>
    </groups>
    <test started-at="2023-07-26T12:21:57 IST" name="Command line test" finished-at="2023-07-26T12:21:57 IST" duration-ms="10">
    </test> <!-- Command line test -->
  </suite> <!-- testRunner.TestRun -->
</testng-results>
