<?xml version="1.0" encoding="UTF-8"?>
<!-- Generated by org.testng.reporters.JUnitXMLReporter -->
<testsuite ignored="0" hostname="LAPTOP-4S1GC75Q" failures="0" tests="4" name="Default test" time="7.93" errors="0" timestamp="2023-09-01T16:17:40 IST">
  <testcase classname="day1.HttpRequests" name="getusers" time="5.309"/>
  <testcase classname="day1.HttpRequests" name="createUser" time="1.336"/>
  <testcase classname="day1.HttpRequests" name="updateUser" time="0.584"/>
  <testcase classname="day1.HttpRequests" name="deleteUser" time="0.597"/>
</testsuite> <!-- Default test -->
